<?xml version="1.0" encoding="UTF-8"?>
<testsuite xmlns:xsi="http://www.w3.org/2001/XMLSchema-instance" xsi:noNamespaceSchemaLocation="https://maven.apache.org/surefire/maven-failsafe-plugin/xsd/failsafe-test-report.xsd" version="3.0.2" name="com.universite.service.UserServiceIT" time="49.197" tests="6" errors="0" skipped="0" failures="0">
  <properties>
[...]
</properties>
  <testcase name="testUserDetailsWithUsername" classname="com.universite.service.UserServiceIT" time="2.895">
    <system-out><![CDATA[
        ██╗ ██╗   ██╗ ████████╗ ███████╗   ██████╗ ████████╗ ████████╗ ███████╗
        ██║ ██║   ██║ ╚══██╔══╝ ██╔═══██╗ ██╔════╝ ╚══██╔══╝ ██╔═════╝ ██╔═══██╗
        ██║ ████████║    ██║    ███████╔╝ ╚█████╗     ██║    ██████╗   ███████╔╝
  ██╗   ██║ ██╔═══██║    ██║    ██╔════╝   ╚═══██╗    ██║    ██╔═══╝   ██╔══██║
  ╚██████╔╝ ██║   ██║ ████████╗ ██║       ██████╔╝    ██║    ████████╗ ██║  ╚██╗
   ╚═════╝  ╚═╝   ╚═╝ ╚═══════╝ ╚═╝       ╚═════╝     ╚═╝    ╚═══════╝ ╚═╝   ╚═╝

:: JHipster 🤓  :: Running Spring Boot 3.4.2 :: Startup profile(s) test,testdev ::
:: https://www.jhipster.tech ::

2025-05-20T14:57:11.039Z  INFO 16492 --- [gateway] [           main] ContainersSpringContextCustomizerFactory : Warming up the sql database
2025-05-20T14:57:11.213Z  INFO 16492 --- [gateway] [           main] org.testcontainers.images.PullPolicy     : Image pull policy will be performed by: DefaultPullPolicy()
2025-05-20T14:57:11.232Z  INFO 16492 --- [gateway] [           main] o.t.utility.ImageNameSubstitutor         : Image name substitution will be performed by: DefaultImageNameSubstitutor (composite of 'ConfigurationFileImageNameSubstitutor' and 'PrefixingImageNameSubstitutor')
2025-05-20T14:57:11.264Z  INFO 16492 --- [gateway] [           main] org.testcontainers.DockerClientFactory   : Testcontainers version: 1.20.4
2025-05-20T14:57:12.299Z  INFO 16492 --- [gateway] [           main] o.t.d.DockerClientProviderStrategy       : Loaded org.testcontainers.dockerclient.NpipeSocketClientProviderStrategy from ~/.testcontainers.properties, will try it first
2025-05-20T14:57:13.398Z  INFO 16492 --- [gateway] [           main] o.t.d.DockerClientProviderStrategy       : Found Docker environment with local Npipe socket (npipe:////./pipe/docker_engine)
2025-05-20T14:57:13.403Z  INFO 16492 --- [gateway] [           main] org.testcontainers.DockerClientFactory   : Docker host IP address is localhost
2025-05-20T14:57:13.455Z  INFO 16492 --- [gateway] [           main] org.testcontainers.DockerClientFactory   : Connected to docker: 
  Server Version: 28.0.4
  API Version: 1.48
  Operating System: Docker Desktop
  Total Memory: 7830 MB
  Labels: 
    com.docker.desktop.address=npipe://\\.\pipe\docker_cli
2025-05-20T14:57:13.730Z  INFO 16492 --- [gateway] [           main] tc.testcontainers/ryuk:0.11.0            : Creating container for image: testcontainers/ryuk:0.11.0
2025-05-20T14:57:14.577Z  INFO 16492 --- [gateway] [           main] tc.testcontainers/ryuk:0.11.0            : Container testcontainers/ryuk:0.11.0 is starting: e4b9b118a43668544a8f853af83ebb04270b8929a0d4bff67d28e0f661fafe5e
2025-05-20T14:57:15.481Z  INFO 16492 --- [gateway] [           main] tc.testcontainers/ryuk:0.11.0            : Container testcontainers/ryuk:0.11.0 started in PT1.7507639S
2025-05-20T14:57:15.539Z  INFO 16492 --- [gateway] [           main] o.t.utility.RyukResourceReaper           : Ryuk started - will monitor and terminate Testcontainers containers on JVM exit
2025-05-20T14:57:15.541Z  INFO 16492 --- [gateway] [           main] org.testcontainers.DockerClientFactory   : Checking the system...
2025-05-20T14:57:15.544Z  INFO 16492 --- [gateway] [           main] org.testcontainers.DockerClientFactory   : ?? Docker server version should be at least 1.6.0
2025-05-20T14:57:15.548Z  INFO 16492 --- [gateway] [           main] tc.postgres:17.2                         : Creating container for image: postgres:17.2
2025-05-20T14:57:15.554Z  WARN 16492 --- [gateway] [           main] tc.postgres:17.2                         : Reuse was requested but the environment does not support the reuse of containers
To enable reuse of containers, you must set 'testcontainers.reuse.enable=true' in a file located at C:\Users\AichaaDia\.testcontainers.properties
2025-05-20T14:57:15.839Z  INFO 16492 --- [gateway] [           main] tc.postgres:17.2                         : Container postgres:17.2 is starting: f0bc1e0709318410f87a26c850bcf489d701cafb8ed0aff952f34fc5231fe3d8
2025-05-20T14:57:16.494Z  INFO 16492 --- [gateway] [ream--217512454] c.u.config.PostgreSqlTestContainer       : STDOUT: The files belonging to this database system will be owned by user "postgres".
2025-05-20T14:57:16.495Z  INFO 16492 --- [gateway] [ream--217512454] c.u.config.PostgreSqlTestContainer       : STDOUT: This user must also own the server process.
2025-05-20T14:57:16.496Z  INFO 16492 --- [gateway] [ream--217512454] c.u.config.PostgreSqlTestContainer       : STDOUT: 
2025-05-20T14:57:16.498Z  INFO 16492 --- [gateway] [ream--217512454] c.u.config.PostgreSqlTestContainer       : STDOUT: The database cluster will be initialized with locale "en_US.utf8".
2025-05-20T14:57:16.500Z  INFO 16492 --- [gateway] [ream--217512454] c.u.config.PostgreSqlTestContainer       : STDOUT: The default database encoding has accordingly been set to "UTF8".
2025-05-20T14:57:16.501Z  INFO 16492 --- [gateway] [ream--217512454] c.u.config.PostgreSqlTestContainer       : STDOUT: The default text search configuration will be set to "english".
2025-05-20T14:57:16.502Z  INFO 16492 --- [gateway] [ream--217512454] c.u.config.PostgreSqlTestContainer       : STDOUT: 
2025-05-20T14:57:16.504Z  INFO 16492 --- [gateway] [ream--217512454] c.u.config.PostgreSqlTestContainer       : STDOUT: Data page checksums are disabled.
2025-05-20T14:57:16.504Z  INFO 16492 --- [gateway] [ream--217512454] c.u.config.PostgreSqlTestContainer       : STDOUT: 
2025-05-20T14:57:16.504Z  INFO 16492 --- [gateway] [ream--217512454] c.u.config.PostgreSqlTestContainer       : STDOUT: fixing permissions on existing directory /var/lib/postgresql/data ... ok
2025-05-20T14:57:16.512Z  INFO 16492 --- [gateway] [ream--217512454] c.u.config.PostgreSqlTestContainer       : STDOUT: creating subdirectories ... ok
2025-05-20T14:57:16.513Z  INFO 16492 --- [gateway] [ream--217512454] c.u.config.PostgreSqlTestContainer       : STDOUT: selecting dynamic shared memory implementation ... posix
2025-05-20T14:57:16.563Z  INFO 16492 --- [gateway] [ream--217512454] c.u.config.PostgreSqlTestContainer       : STDOUT: selecting default "max_connections" ... 100
2025-05-20T14:57:16.607Z  INFO 16492 --- [gateway] [ream--217512454] c.u.config.PostgreSqlTestContainer       : STDOUT: selecting default "shared_buffers" ... 128MB
2025-05-20T14:57:16.629Z  INFO 16492 --- [gateway] [ream--217512454] c.u.config.PostgreSqlTestContainer       : STDOUT: selecting default time zone ... Etc/UTC
2025-05-20T14:57:16.632Z  INFO 16492 --- [gateway] [ream--217512454] c.u.config.PostgreSqlTestContainer       : STDOUT: creating configuration files ... ok
2025-05-20T14:57:16.918Z  INFO 16492 --- [gateway] [ream--217512454] c.u.config.PostgreSqlTestContainer       : STDOUT: running bootstrap script ... ok
2025-05-20T14:57:17.425Z  INFO 16492 --- [gateway] [ream--217512454] c.u.config.PostgreSqlTestContainer       : STDOUT: performing post-bootstrap initialization ... ok
2025-05-20T14:57:17.672Z  INFO 16492 --- [gateway] [ream--217512454] c.u.config.PostgreSqlTestContainer       : STDERR: initdb: warning: enabling "trust" authentication for local connections
2025-05-20T14:57:17.673Z  INFO 16492 --- [gateway] [ream--217512454] c.u.config.PostgreSqlTestContainer       : STDERR: initdb: hint: You can change this by editing pg_hba.conf or using the option -A, or --auth-local and --auth-host, the next time you run initdb.
2025-05-20T14:57:17.673Z  INFO 16492 --- [gateway] [ream--217512454] c.u.config.PostgreSqlTestContainer       : STDOUT: syncing data to disk ... ok
2025-05-20T14:57:17.674Z  INFO 16492 --- [gateway] [ream--217512454] c.u.config.PostgreSqlTestContainer       : STDOUT: 
2025-05-20T14:57:17.675Z  INFO 16492 --- [gateway] [ream--217512454] c.u.config.PostgreSqlTestContainer       : STDOUT: 
2025-05-20T14:57:17.675Z  INFO 16492 --- [gateway] [ream--217512454] c.u.config.PostgreSqlTestContainer       : STDOUT: Success. You can now start the database server using:
2025-05-20T14:57:17.676Z  INFO 16492 --- [gateway] [ream--217512454] c.u.config.PostgreSqlTestContainer       : STDOUT: 
2025-05-20T14:57:17.676Z  INFO 16492 --- [gateway] [ream--217512454] c.u.config.PostgreSqlTestContainer       : STDOUT:     pg_ctl -D /var/lib/postgresql/data -l logfile start
2025-05-20T14:57:17.677Z  INFO 16492 --- [gateway] [ream--217512454] c.u.config.PostgreSqlTestContainer       : STDOUT: 
2025-05-20T14:57:17.721Z  INFO 16492 --- [gateway] [ream--217512454] c.u.config.PostgreSqlTestContainer       : STDOUT: waiting for server to start....2025-05-20 14:57:17.721 UTC [48] LOG:  starting PostgreSQL 17.2 (Debian 17.2-1.pgdg120+1) on x86_64-pc-linux-gnu, compiled by gcc (Debian 12.2.0-14) 12.2.0, 64-bit
2025-05-20T14:57:17.722Z  INFO 16492 --- [gateway] [ream--217512454] c.u.config.PostgreSqlTestContainer       : STDOUT: 2025-05-20 14:57:17.721 UTC [48] LOG:  listening on Unix socket "/var/run/postgresql/.s.PGSQL.5432"
2025-05-20T14:57:17.724Z  INFO 16492 --- [gateway] [ream--217512454] c.u.config.PostgreSqlTestContainer       : STDOUT: 2025-05-20 14:57:17.724 UTC [51] LOG:  database system was shut down at 2025-05-20 14:57:17 UTC
2025-05-20T14:57:17.728Z  INFO 16492 --- [gateway] [ream--217512454] c.u.config.PostgreSqlTestContainer       : STDOUT: 2025-05-20 14:57:17.729 UTC [48] LOG:  database system is ready to accept connections
2025-05-20T14:57:17.803Z  INFO 16492 --- [gateway] [ream--217512454] c.u.config.PostgreSqlTestContainer       : STDOUT:  done
2025-05-20T14:57:17.804Z  INFO 16492 --- [gateway] [ream--217512454] c.u.config.PostgreSqlTestContainer       : STDOUT: server started
2025-05-20T14:57:17.935Z  INFO 16492 --- [gateway] [ream--217512454] c.u.config.PostgreSqlTestContainer       : STDOUT: CREATE DATABASE
2025-05-20T14:57:17.936Z  INFO 16492 --- [gateway] [ream--217512454] c.u.config.PostgreSqlTestContainer       : STDOUT: 
2025-05-20T14:57:17.937Z  INFO 16492 --- [gateway] [ream--217512454] c.u.config.PostgreSqlTestContainer       : STDOUT: 
2025-05-20T14:57:17.938Z  INFO 16492 --- [gateway] [ream--217512454] c.u.config.PostgreSqlTestContainer       : STDOUT: /usr/local/bin/docker-entrypoint.sh: ignoring /docker-entrypoint-initdb.d/*
2025-05-20T14:57:17.939Z  INFO 16492 --- [gateway] [ream--217512454] c.u.config.PostgreSqlTestContainer       : STDOUT: 
2025-05-20T14:57:17.940Z  INFO 16492 --- [gateway] [ream--217512454] c.u.config.PostgreSqlTestContainer       : STDOUT: waiting for server to shut down...2025-05-20 14:57:17.939 UTC [48] LOG:  received fast shutdown request
2025-05-20T14:57:17.940Z  INFO 16492 --- [gateway] [ream--217512454] c.u.config.PostgreSqlTestContainer       : STDOUT: .2025-05-20 14:57:17.939 UTC [48] LOG:  aborting any active transactions
2025-05-20T14:57:17.941Z  INFO 16492 --- [gateway] [ream--217512454] c.u.config.PostgreSqlTestContainer       : STDOUT: 2025-05-20 14:57:17.941 UTC [48] LOG:  background worker "logical replication launcher" (PID 54) exited with exit code 1
2025-05-20T14:57:17.942Z  INFO 16492 --- [gateway] [ream--217512454] c.u.config.PostgreSqlTestContainer       : STDOUT: 2025-05-20 14:57:17.942 UTC [49] LOG:  shutting down
2025-05-20T14:57:17.943Z  INFO 16492 --- [gateway] [ream--217512454] c.u.config.PostgreSqlTestContainer       : STDOUT: 2025-05-20 14:57:17.942 UTC [49] LOG:  checkpoint starting: shutdown immediate
2025-05-20T14:57:17.952Z  INFO 16492 --- [gateway] [ream--217512454] c.u.config.PostgreSqlTestContainer       : STDOUT: 2025-05-20 14:57:17.952 UTC [49] LOG:  checkpoint complete: wrote 921 buffers (5.6%); 0 WAL file(s) added, 0 removed, 0 recycled; write=0.010 s, sync=0.001 s, total=0.011 s; sync files=0, longest=0.000 s, average=0.000 s; distance=4238 kB, estimate=4238 kB; lsn=0/1908970, redo lsn=0/1908970
2025-05-20T14:57:17.958Z  INFO 16492 --- [gateway] [ream--217512454] c.u.config.PostgreSqlTestContainer       : STDOUT: 2025-05-20 14:57:17.958 UTC [48] LOG:  database system is shut down
2025-05-20T14:57:18.039Z  INFO 16492 --- [gateway] [ream--217512454] c.u.config.PostgreSqlTestContainer       : STDOUT:  done
2025-05-20T14:57:18.040Z  INFO 16492 --- [gateway] [ream--217512454] c.u.config.PostgreSqlTestContainer       : STDOUT: server stopped
2025-05-20T14:57:18.041Z  INFO 16492 --- [gateway] [ream--217512454] c.u.config.PostgreSqlTestContainer       : STDOUT: 
2025-05-20T14:57:18.042Z  INFO 16492 --- [gateway] [ream--217512454] c.u.config.PostgreSqlTestContainer       : STDOUT: PostgreSQL init process complete; ready for start up.
2025-05-20T14:57:18.043Z  INFO 16492 --- [gateway] [ream--217512454] c.u.config.PostgreSqlTestContainer       : STDOUT: 
2025-05-20T14:57:18.062Z  INFO 16492 --- [gateway] [ream--217512454] c.u.config.PostgreSqlTestContainer       : STDERR: 2025-05-20 14:57:18.061 UTC [1] LOG:  starting PostgreSQL 17.2 (Debian 17.2-1.pgdg120+1) on x86_64-pc-linux-gnu, compiled by gcc (Debian 12.2.0-14) 12.2.0, 64-bit
2025-05-20T14:57:18.063Z  INFO 16492 --- [gateway] [ream--217512454] c.u.config.PostgreSqlTestContainer       : STDERR: 2025-05-20 14:57:18.062 UTC [1] LOG:  listening on IPv4 address "0.0.0.0", port 5432
2025-05-20T14:57:18.064Z  INFO 16492 --- [gateway] [ream--217512454] c.u.config.PostgreSqlTestContainer       : STDERR: 2025-05-20 14:57:18.062 UTC [1] LOG:  listening on IPv6 address "::", port 5432
2025-05-20T14:57:18.065Z  INFO 16492 --- [gateway] [ream--217512454] c.u.config.PostgreSqlTestContainer       : STDERR: 2025-05-20 14:57:18.062 UTC [1] LOG:  listening on Unix socket "/var/run/postgresql/.s.PGSQL.5432"
2025-05-20T14:57:18.066Z  INFO 16492 --- [gateway] [ream--217512454] c.u.config.PostgreSqlTestContainer       : STDERR: 2025-05-20 14:57:18.067 UTC [64] LOG:  database system was shut down at 2025-05-20 14:57:17 UTC
2025-05-20T14:57:18.074Z  INFO 16492 --- [gateway] [ream--217512454] c.u.config.PostgreSqlTestContainer       : STDERR: 2025-05-20 14:57:18.074 UTC [1] LOG:  database system is ready to accept connections
2025-05-20T14:57:18.078Z  INFO 16492 --- [gateway] [           main] tc.postgres:17.2                         : Container postgres:17.2 started in PT2.5303457S
2025-05-20T14:57:18.082Z  INFO 16492 --- [gateway] [           main] tc.postgres:17.2                         : Container is started (JDBC URL: jdbc:postgresql://localhost:57121/gateway?loggerLevel=OFF)
2025-05-20T14:57:18.113Z  INFO 16492 --- [gateway] [           main] com.universite.service.UserServiceIT     : The following 2 profiles are active: "test", "testdev"
2025-05-20T14:57:29.464Z  WARN 16492 --- [gateway] [           main] o.s.data.convert.CustomConversions       : Registering converter from class java.util.BitSet to class java.lang.Boolean as reading converter although it doesn't convert from a store-supported type; You might want to check your annotation setup at the converter implementation
2025-05-20T14:57:32.974Z  WARN 16492 --- [gateway] [           main] jakarta.persistence.spi                  : jakarta.persistence.spi::No valid providers found.
2025-05-20T14:57:38.807Z  INFO 16492 --- [gateway] [ream--217512454] c.u.config.PostgreSqlTestContainer       : STDERR: 2025-05-20 14:57:38.806 UTC [68] ERROR:  relation "public.databasechangeloglock" does not exist at character 22
2025-05-20T14:57:38.808Z  INFO 16492 --- [gateway] [ream--217512454] c.u.config.PostgreSqlTestContainer       : STDERR: 2025-05-20 14:57:38.806 UTC [68] STATEMENT:  SELECT COUNT(*) FROM public.databasechangeloglock
2025-05-20T14:57:49.644Z  INFO 16492 --- [gateway] [           main] com.universite.service.UserServiceIT     : Started UserServiceIT in 43.601 seconds (process running for 63.665)
]]></system-out>
  </testcase>
  <testcase name="testUserDetailsWithLangKey" classname="com.universite.service.UserServiceIT" time="0.103"/>
  <testcase name="testUserDetailsWithUSLocaleDash" classname="com.universite.service.UserServiceIT" time="0.105"/>
  <testcase name="testUserDetailsWithLocale" classname="com.universite.service.UserServiceIT" time="0.075"/>
  <testcase name="testDefaultUserDetails" classname="com.universite.service.UserServiceIT" time="0.107"/>
  <testcase name="testUserDetailsWithUSLocaleUnderscore" classname="com.universite.service.UserServiceIT" time="0.063"/>
</testsuite>