<?xml version="1.0" encoding="UTF-8"?>
<testsuite xmlns:xsi="http://www.w3.org/2001/XMLSchema-instance" xsi:noNamespaceSchemaLocation="https://maven.apache.org/surefire/maven-failsafe-plugin/xsd/failsafe-test-report.xsd" version="3.0.2" name="com.universite.web.rest.AuthorityResourceIT" time="1.073" tests="7" errors="0" skipped="0" failures="0">
  <properties>
[...]
</properties>
  <testcase name="deleteAuthority" classname="com.universite.web.rest.AuthorityResourceIT" time="0.222"/>
  <testcase name="createAuthorityWithExistingId" classname="com.universite.web.rest.AuthorityResourceIT" time="0.258"/>
  <testcase name="getAllAuthorities" classname="com.universite.web.rest.AuthorityResourceIT" time="0.073"/>
  <testcase name="getNonExistingAuthority" classname="com.universite.web.rest.AuthorityResourceIT" time="0.061"/>
  <testcase name="createAuthority" classname="com.universite.web.rest.AuthorityResourceIT" time="0.1"/>
  <testcase name="getAllAuthoritiesAsStream" classname="com.universite.web.rest.AuthorityResourceIT" time="0.217"/>
  <testcase name="getAuthority" classname="com.universite.web.rest.AuthorityResourceIT" time="0.113"/>
</testsuite>